<?xml version="1.0" encoding="UTF-8"?>
<!-- Generated by org.testng.reporters.JUnitReportReporter -->
<testsuite hostname="ARUSHI" failures="0" tests="1" name="mavenTest.createnewTest" time="0.024" errors="0" timestamp="2023-12-09T11:38:38 IST" skipped="0">
  <testcase classname="mavenTest.createnewTest" name="myTest" time="0.024"/>
</testsuite> <!-- mavenTest.createnewTest -->
